Mon May 03 09:44:41 EDT 2021 : Apache Derby Network Server - 10.14.1.0 - (1808820) started and ready to accept connections on port 1527
----------------------------------------------------------------
Mon May 03 09:47:43 EDT 2021:
Booting Derby version The Apache Software Foundation - Apache Derby - 10.14.1.0 - (1808820): instance a816c00e-0179-3279-4c15-ffffb9974674 
on database directory C:\Users\domde\OneDrive\Documents\Courses\Coursera\JPA\StudentWork\setup\Derby\StudentDB with class loader sun.misc.Launcher$AppClassLoader@1d44bcfa 
Loaded from file:/C:/Users/domde/OneDrive/Documents/Courses/Coursera/JPA/StudentWork/setup/Derby/lib/derby.jar
java.vendor=Oracle Corporation
java.runtime.version=1.8.0_191-b12
user.dir=C:\Users\domde\OneDrive\Documents\Courses\Coursera\JPA\StudentWork\setup\Derby
os.name=Windows 10
os.arch=amd64
os.version=10.0
derby.system.home=C:\Users\domde\OneDrive\Documents\Courses\Coursera\JPA\StudentWork\setup\Derby
Database Class Loader started - derby.database.classpath=''
----------------------------------------------------------------
Mon May 03 09:47:51 EDT 2021:
Shutting down instance a816c00e-0179-3279-4c15-ffffb9974674 on database directory C:\Users\domde\OneDrive\Documents\Courses\Coursera\JPA\StudentWork\setup\Derby\StudentDB with class loader sun.misc.Launcher$AppClassLoader@1d44bcfa 
Mon May 03 09:47:51 EDT 2021 Thread[DRDAConnThread_3,5,main] (DATABASE = StudentDB), (DRDAID = {2}), Database 'StudentDB' shutdown.
----------------------------------------------------------------
Mon May 03 09:48:01 EDT 2021:
Booting Derby version The Apache Software Foundation - Apache Derby - 10.14.1.0 - (1808820): instance 0ddd00a9-0179-3279-4c15-ffffb9974674 
on database directory C:\Users\domde\OneDrive\Documents\Courses\Coursera\JPA\StudentWork\setup\Derby\StudentDB with class loader sun.misc.Launcher$AppClassLoader@1d44bcfa 
Loaded from file:/C:/Users/domde/OneDrive/Documents/Courses/Coursera/JPA/StudentWork/setup/Derby/lib/derby.jar
java.vendor=Oracle Corporation
java.runtime.version=1.8.0_191-b12
user.dir=C:\Users\domde\OneDrive\Documents\Courses\Coursera\JPA\StudentWork\setup\Derby
os.name=Windows 10
os.arch=amd64
os.version=10.0
derby.system.home=C:\Users\domde\OneDrive\Documents\Courses\Coursera\JPA\StudentWork\setup\Derby
Database Class Loader started - derby.database.classpath=''
----------------------------------------------------------------
Mon May 03 10:07:21 EDT 2021:
Shutting down instance 0ddd00a9-0179-3279-4c15-ffffb9974674 on database directory C:\Users\domde\OneDrive\Documents\Courses\Coursera\JPA\StudentWork\setup\Derby\StudentDB with class loader sun.misc.Launcher$AppClassLoader@1d44bcfa 
Mon May 03 10:07:21 EDT 2021 Thread[DRDAConnThread_2,5,main] (DATABASE = StudentDB), (DRDAID = {4}), Database 'StudentDB' shutdown.
----------------------------------------------------------------
Mon May 03 10:07:21 EDT 2021:
Booting Derby version The Apache Software Foundation - Apache Derby - 10.14.1.0 - (1808820): instance b74a0151-0179-3279-4c15-ffffb9974674 
on database directory C:\Users\domde\OneDrive\Documents\Courses\Coursera\JPA\StudentWork\setup\Derby\StudentDB with class loader sun.misc.Launcher$AppClassLoader@1d44bcfa 
Loaded from file:/C:/Users/domde/OneDrive/Documents/Courses/Coursera/JPA/StudentWork/setup/Derby/lib/derby.jar
java.vendor=Oracle Corporation
java.runtime.version=1.8.0_191-b12
user.dir=C:\Users\domde\OneDrive\Documents\Courses\Coursera\JPA\StudentWork\setup\Derby
os.name=Windows 10
os.arch=amd64
os.version=10.0
derby.system.home=C:\Users\domde\OneDrive\Documents\Courses\Coursera\JPA\StudentWork\setup\Derby
Database Class Loader started - derby.database.classpath=''
----------------------------------------------------------------
Mon May 03 10:07:25 EDT 2021:
Shutting down instance b74a0151-0179-3279-4c15-ffffb9974674 on database directory C:\Users\domde\OneDrive\Documents\Courses\Coursera\JPA\StudentWork\setup\Derby\StudentDB with class loader sun.misc.Launcher$AppClassLoader@1d44bcfa 
Mon May 03 10:07:25 EDT 2021 Thread[DRDAConnThread_4,5,main] (DATABASE = StudentDB), (DRDAID = {6}), Database 'StudentDB' shutdown.
----------------------------------------------------------------
Mon May 03 10:07:25 EDT 2021:
Booting Derby version The Apache Software Foundation - Apache Derby - 10.14.1.0 - (1808820): instance f19d0158-0179-3279-4c15-ffffb9974674 
on database directory C:\Users\domde\OneDrive\Documents\Courses\Coursera\JPA\StudentWork\setup\Derby\StudentDB with class loader sun.misc.Launcher$AppClassLoader@1d44bcfa 
Loaded from file:/C:/Users/domde/OneDrive/Documents/Courses/Coursera/JPA/StudentWork/setup/Derby/lib/derby.jar
java.vendor=Oracle Corporation
java.runtime.version=1.8.0_191-b12
user.dir=C:\Users\domde\OneDrive\Documents\Courses\Coursera\JPA\StudentWork\setup\Derby
os.name=Windows 10
os.arch=amd64
os.version=10.0
derby.system.home=C:\Users\domde\OneDrive\Documents\Courses\Coursera\JPA\StudentWork\setup\Derby
Database Class Loader started - derby.database.classpath=''
----------------------------------------------------------------
Mon May 03 10:22:02 EDT 2021:
Shutting down instance f19d0158-0179-3279-4c15-ffffb9974674 on database directory C:\Users\domde\OneDrive\Documents\Courses\Coursera\JPA\StudentWork\setup\Derby\StudentDB with class loader sun.misc.Launcher$AppClassLoader@1d44bcfa 
Mon May 03 10:22:02 EDT 2021 Thread[DRDAConnThread_12,5,main] (DATABASE = StudentDB), (DRDAID = {32}), Database 'StudentDB' shutdown.
